Removed Pin From Net: NetName=NetC1_1 Pin=IC1-6
Removed Pin From Net: NetName=NetC1_2 Pin=IC1-7
Removed Pin From Net: NetName=NetC4_2 Pin=IC1-8
Removed Pin From Net: NetName=NetC4_1 Pin=IC1-9
Removed Pin From Net: NetName=NetIC1_3 Pin=R2-1
Removed Pin From Net: NetName=NetIC1_3 Pin=R4-1
Removed Pin From Net: NetName=NetIC1_1 Pin=R5-2
Removed Pin From Net: NetName=NetIC1_2 Pin=R6-1
Removed Pin From Net: NetName=NetIC1_1 Pin=R7-1
Removed Pin From Net: NetName=NetIC1_2 Pin=R7-2
Removed Pin From Net: NetName=NetIC1_5 Pin=R9-2
Removed Pin From Net: NetName=NetIC1_10 Pin=R14-2
Removed Pin From Net: NetName=NetIC1_12 Pin=R16-1
Removed Pin From Net: NetName=NetIC1_12 Pin=R18-1
Added Pin To Net: NetName=NetC1_2 Pin=IC1-8
Added Pin To Net: NetName=NetC1_1 Pin=IC1-9
Added Pin To Net: NetName=NetC4_1 Pin=IC1-13
Added Pin To Net: NetName=NetC4_2 Pin=IC1-14
Added Pin To Net: NetName=NetIC1_5 Pin=R2-1
Added Pin To Net: NetName=NetIC1_5 Pin=R4-1
Added Pin To Net: NetName=NetIC1_10 Pin=R9-2
Added Pin To Net: NetName=NetIC1_12 Pin=R14-2
Added Pin To Net: NetName=NetIC1_3 Pin=R16-1
Added Pin To Net: NetName=NetIC1_3 Pin=R18-1
Added Pin To Net: NetName=NetIC1_1 Pin=R20-2
Added Pin To Net: NetName=NetIC1_2 Pin=R21-1
Added Pin To Net: NetName=NetIC1_1 Pin=R22-1
Added Pin To Net: NetName=NetIC1_2 Pin=R22-2
Added Pin To Net: NetName=NetIC1_6 Pin=IC1-6
Added Pin To Net: NetName=NetIC1_6 Pin=R6-1
Added Pin To Net: NetName=NetIC1_6 Pin=R7-2
Added Net: Name=NetIC1_6
Added Pin To Net: NetName=NetIC1_7 Pin=IC1-7
Added Pin To Net: NetName=NetIC1_7 Pin=R5-2
Added Pin To Net: NetName=NetIC1_7 Pin=R7-1
Added Net: Name=NetIC1_7
