Removed Pin From Net: NetName=NetC1_2 Pin=IC1-8
Removed Pin From Net: NetName=NetC1_1 Pin=IC1-9
Removed Pin From Net: NetName=NetC4_1 Pin=IC1-13
Removed Pin From Net: NetName=NetC4_2 Pin=IC1-14
Removed Pin From Net: NetName=NetIC1_5 Pin=R2-1
Removed Pin From Net: NetName=NetIC1_5 Pin=R4-1
Removed Pin From Net: NetName=NetIC1_10 Pin=R9-2
Removed Pin From Net: NetName=NetIC1_12 Pin=R14-2
Removed Pin From Net: NetName=NetIC1_3 Pin=R16-1
Removed Pin From Net: NetName=NetIC1_3 Pin=R18-1
Added Pin To Net: NetName=NetC1_2 Pin=IC1-1
Added Pin To Net: NetName=NetC1_1 Pin=IC1-2
Added Pin To Net: NetName=NetC4_1 Pin=IC1-6
Added Pin To Net: NetName=NetC4_2 Pin=IC1-7
Added Pin To Net: NetName=NetIC1_12 Pin=R2-1
Added Pin To Net: NetName=NetIC1_12 Pin=R4-1
Added Pin To Net: NetName=NetIC1_3 Pin=R9-2
Added Pin To Net: NetName=NetIC1_5 Pin=R14-2
Added Pin To Net: NetName=NetIC1_10 Pin=R16-1
Added Pin To Net: NetName=NetIC1_10 Pin=R18-1
Added Pin To Net: NetName=NetIC1_8 Pin=IC1-8
Added Pin To Net: NetName=NetIC1_8 Pin=R20-2
Added Pin To Net: NetName=NetIC1_8 Pin=R22-1
Added Net: Name=NetIC1_8
Added Pin To Net: NetName=NetIC1_9 Pin=IC1-9
Added Pin To Net: NetName=NetIC1_9 Pin=R21-1
Added Pin To Net: NetName=NetIC1_9 Pin=R22-2
Added Net: Name=NetIC1_9
Added Pin To Net: NetName=NetIC1_13 Pin=IC1-13
Added Pin To Net: NetName=NetIC1_13 Pin=R6-1
Added Pin To Net: NetName=NetIC1_13 Pin=R7-2
Added Net: Name=NetIC1_13
Added Pin To Net: NetName=NetIC1_14 Pin=IC1-14
Added Pin To Net: NetName=NetIC1_14 Pin=R5-2
Added Pin To Net: NetName=NetIC1_14 Pin=R7-1
Added Net: Name=NetIC1_14
