Removed Pin From Net: NetName=GND Pin=IC3-3
Removed Pin From Net: NetName=GND Pin=P2-3
Removed Pin From Net: NetName=NetP1_2 Pin=R9-1
Removed Pin From Net: NetName=VCC Pin=R13-2
Removed Member From Class: ClassName=ELoad_rev0.1 Member=IC3
Removed Member From Class: ClassName=ELoad_rev0.1 Member=P2
Removed Member From Class: ClassName=ELoad_rev0.1 Member=R13
Added Component: Designator=P?(TRIM_BOURNS_3290W)
Add component (AddParameter): Name = "Author"; Value = "CERN DEM MR"; VariantName = "[No Variations]"
Add component (AddParameter): Name = "Case"; Value = "3290W"; VariantName = "[No Variations]"
Add component (AddParameter): Name = "Component Type"; Value = "Standard"; VariantName = "[No Variations]"
Add component (AddParameter): Name = "ComponentHeight"; Value = "9.91mm"; VariantName = "[No Variations]"
Add component (AddParameter): Name = "CreateDate"; Value = "11/23/2016"; VariantName = "[No Variations]"
Add component (AddParameter): Name = "HelpURL"; Value = "\\cern.ch\dfs\Applications\Altium\Datasheets\TRIM_BOURNS_3290W.pdf"; VariantName = "[No Variations]"
Add component (AddParameter): Name = "LatestRevisionDate"; Value = "11/23/2016"; VariantName = "[No Variations]"
Add component (AddParameter): Name = "Manufacturer"; Value = "BOURNS"; VariantName = "[No Variations]"
Add component (AddParameter): Name = "Manufacturer Part Number"; Value = "3290W-1-102"; VariantName = "[No Variations]"
Add component (AddParameter): Name = "Mounted"; Value = "Yes"; VariantName = "[No Variations]"
Add component (AddParameter): Name = "Part Description"; Value = "25 Turn Trimming Potentiometer (Top Adjustement)"; VariantName = "[No Variations]"
Add component (AddParameter): Name = "Part Number"; Value = "TRIM_25T_1K_BOURNS_3290W-1-102"; VariantName = "[No Variations]"
Add component (AddParameter): Name = "Pin Count"; Value = "3"; VariantName = "[No Variations]"
Add component (AddParameter): Name = "Power"; Value = "1W"; VariantName = "[No Variations]"
Add component (AddParameter): Name = "PressFit"; Value = "No"; VariantName = "[No Variations]"
Add component (AddParameter): Name = "Sense"; Value = "No"; VariantName = "[No Variations]"
Add component (AddParameter): Name = "SMD"; Value = "No"; VariantName = "[No Variations]"
Add component (AddParameter): Name = "Socket"; Value = "No"; VariantName = "[No Variations]"
Add component (AddParameter): Name = "TC"; Value = "±50ppm/°C"; VariantName = "[No Variations]"
Add component (AddParameter): Name = "Tolerance"; Value = "±5%"; VariantName = "[No Variations]"
Add component (AddParameter): Name = "Value"; Value = "1k"; VariantName = "[No Variations]"
Added Component: Designator=P?(TRIM_BOURNS_3290W)
Add component (AddParameter): Name = "Author"; Value = "CERN DEM MR"; VariantName = "[No Variations]"
Add component (AddParameter): Name = "Case"; Value = "3290W"; VariantName = "[No Variations]"
Add component (AddParameter): Name = "Component Type"; Value = "Standard"; VariantName = "[No Variations]"
Add component (AddParameter): Name = "ComponentHeight"; Value = "9.91mm"; VariantName = "[No Variations]"
Add component (AddParameter): Name = "CreateDate"; Value = "11/23/2016"; VariantName = "[No Variations]"
Add component (AddParameter): Name = "HelpURL"; Value = "\\cern.ch\dfs\Applications\Altium\Datasheets\TRIM_BOURNS_3290W.pdf"; VariantName = "[No Variations]"
Add component (AddParameter): Name = "LatestRevisionDate"; Value = "11/23/2016"; VariantName = "[No Variations]"
Add component (AddParameter): Name = "Manufacturer"; Value = "BOURNS"; VariantName = "[No Variations]"
Add component (AddParameter): Name = "Manufacturer Part Number"; Value = "3290W-1-102"; VariantName = "[No Variations]"
Add component (AddParameter): Name = "Mounted"; Value = "Yes"; VariantName = "[No Variations]"
Add component (AddParameter): Name = "Part Description"; Value = "25 Turn Trimming Potentiometer (Top Adjustement)"; VariantName = "[No Variations]"
Add component (AddParameter): Name = "Part Number"; Value = "TRIM_25T_1K_BOURNS_3290W-1-102"; VariantName = "[No Variations]"
Add component (AddParameter): Name = "Pin Count"; Value = "3"; VariantName = "[No Variations]"
Add component (AddParameter): Name = "Power"; Value = "1W"; VariantName = "[No Variations]"
Add component (AddParameter): Name = "PressFit"; Value = "No"; VariantName = "[No Variations]"
Add component (AddParameter): Name = "Sense"; Value = "No"; VariantName = "[No Variations]"
Add component (AddParameter): Name = "SMD"; Value = "No"; VariantName = "[No Variations]"
Add component (AddParameter): Name = "Socket"; Value = "No"; VariantName = "[No Variations]"
Add component (AddParameter): Name = "TC"; Value = "±50ppm/°C"; VariantName = "[No Variations]"
Add component (AddParameter): Name = "Tolerance"; Value = "±5%"; VariantName = "[No Variations]"
Add component (AddParameter): Name = "Value"; Value = "1k"; VariantName = "[No Variations]"
Added Pin To Net: NetName=NetP1_2 Pin=P?-1
Added Pin To Net: NetName=NetP1_2 Pin=P?-1
Added Pin To Net: NetName=GND Pin=P?-3
Added Pin To Net: NetName=GND Pin=P?-3
Added Pin To Net: NetName=NetP?_2 Pin=P?-2
Added Pin To Net: NetName=NetP?_2 Pin=R14-1
Added Net: Name=NetP?_2
Added Member To Class: ClassName=ELoad_rev0.1 Member=Component P? 1k
Added Member To Class: ClassName=ELoad_rev0.1 Member=Component P? 1k
