Change Component Designator: OldDesignator=C1_1 NewDesignator=C4
Change Component Designator: OldDesignator=C2_1 NewDesignator=C5
Change Component Designator: OldDesignator=D1_1 NewDesignator=D4
Change Component Designator: OldDesignator=R1_1 NewDesignator=R15
Change Component Designator: OldDesignator=R2_1 NewDesignator=R16
Change Component Designator: OldDesignator=R3_1 NewDesignator=R17
Change Component Designator: OldDesignator=R4_1 NewDesignator=R18
Change Component Designator: OldDesignator=R5_1 NewDesignator=R20
Change Component Designator: OldDesignator=R6_1 NewDesignator=R21
Change Component Designator: OldDesignator=R7_1 NewDesignator=R22
Added Component: Designator=R14(RESC2012X60N)
Add component (AddParameter): Name = "Author"; Value = "CERN DEM JLC"; VariantName = "[No Variations]"
Add component (AddParameter): Name = "Case"; Value = "0805"; VariantName = "[No Variations]"
Add component (AddParameter): Name = "Component Type"; Value = "Standard"; VariantName = "[No Variations]"
Add component (AddParameter): Name = "CreateDate"; Value = "12/3/2007"; VariantName = "[No Variations]"
Add component (AddParameter): Name = "HelpURL"; Value = "\\cern.ch\dfs\Applications\Altium\Datasheets\R0805_NIC_NRC.pdf"; VariantName = "[No Variations]"
Add component (AddParameter): Name = "LatestRevisionDate"; Value = "3/13/2008"; VariantName = "[No Variations]"
Add component (AddParameter): Name = "Manufacturer"; Value = "GENERIC"; VariantName = "[No Variations]"
Add component (AddParameter): Name = "Manufacturer1 ComponentHeight"; Value = "0.6mm"; VariantName = "[No Variations]"
Add component (AddParameter): Name = "Manufacturer1 Example"; Value = "NIC COMPONENT"; VariantName = "[No Variations]"
Add component (AddParameter): Name = "Manufacturer1 Part Number"; Value = "NRC10F2001TRF"; VariantName = "[No Variations]"
Add component (AddParameter): Name = "Manufacturer Part Number"; Value = "R0805_2K_1%_0.125W_100PPM"; VariantName = "[No Variations]"
Add component (AddParameter): Name = "Mounted"; Value = "Yes"; VariantName = "[No Variations]"
Add component (AddParameter): Name = "Part Description"; Value = "General Purpose Thick Film Chip Resistor"; VariantName = "[No Variations]"
Add component (AddParameter): Name = "Part Number"; Value = "R0805_2K_1%_0.125W_100PPM"; VariantName = "[No Variations]"
Add component (AddParameter): Name = "Pin Count"; Value = "2"; VariantName = "[No Variations]"
Add component (AddParameter): Name = "Power"; Value = "0.125W"; VariantName = "[No Variations]"
Add component (AddParameter): Name = "PressFit"; Value = "No"; VariantName = "[No Variations]"
Add component (AddParameter): Name = "Sense"; Value = "No"; VariantName = "[No Variations]"
Add component (AddParameter): Name = "SMD"; Value = "Yes"; VariantName = "[No Variations]"
Add component (AddParameter): Name = "Socket"; Value = "No"; VariantName = "[No Variations]"
Add component (AddParameter): Name = "Status"; Value = "Preferred"; VariantName = "[No Variations]"
Add component (AddParameter): Name = "TC"; Value = "±100ppm/°C"; VariantName = "[No Variations]"
Add component (AddParameter): Name = "Tolerance"; Value = "±1%"; VariantName = "[No Variations]"
Add component (AddParameter): Name = "Value"; Value = "2k"; VariantName = "[No Variations]"
Added Component: Designator=R19(RESC2012X60N)
Add component (AddParameter): Name = "Author"; Value = "CERN DEM JLC"; VariantName = "[No Variations]"
Add component (AddParameter): Name = "Case"; Value = "0805"; VariantName = "[No Variations]"
Add component (AddParameter): Name = "Component Type"; Value = "Standard"; VariantName = "[No Variations]"
Add component (AddParameter): Name = "CreateDate"; Value = "12/3/2007"; VariantName = "[No Variations]"
Add component (AddParameter): Name = "HelpURL"; Value = "\\cern.ch\dfs\Applications\Altium\Datasheets\R0805_NIC_NRC.pdf"; VariantName = "[No Variations]"
Add component (AddParameter): Name = "LatestRevisionDate"; Value = "3/13/2008"; VariantName = "[No Variations]"
Add component (AddParameter): Name = "Manufacturer"; Value = "GENERIC"; VariantName = "[No Variations]"
Add component (AddParameter): Name = "Manufacturer1 ComponentHeight"; Value = "0.6mm"; VariantName = "[No Variations]"
Add component (AddParameter): Name = "Manufacturer1 Example"; Value = "NIC COMPONENT"; VariantName = "[No Variations]"
Add component (AddParameter): Name = "Manufacturer1 Part Number"; Value = "NRC10F1001TRF"; VariantName = "[No Variations]"
Add component (AddParameter): Name = "Manufacturer Part Number"; Value = "R0805_1K_1%_0.125W_100PPM"; VariantName = "[No Variations]"
Add component (AddParameter): Name = "Mounted"; Value = "Yes"; VariantName = "[No Variations]"
Add component (AddParameter): Name = "Part Description"; Value = "General Purpose Thick Film Chip Resistor"; VariantName = "[No Variations]"
Add component (AddParameter): Name = "Part Number"; Value = "R0805_1K_1%_0.125W_100PPM"; VariantName = "[No Variations]"
Add component (AddParameter): Name = "Pin Count"; Value = "2"; VariantName = "[No Variations]"
Add component (AddParameter): Name = "Power"; Value = "0.125W"; VariantName = "[No Variations]"
Add component (AddParameter): Name = "PressFit"; Value = "No"; VariantName = "[No Variations]"
Add component (AddParameter): Name = "Sense"; Value = "No"; VariantName = "[No Variations]"
Add component (AddParameter): Name = "SMD"; Value = "Yes"; VariantName = "[No Variations]"
Add component (AddParameter): Name = "Socket"; Value = "No"; VariantName = "[No Variations]"
Add component (AddParameter): Name = "Status"; Value = "Preferred"; VariantName = "[No Variations]"
Add component (AddParameter): Name = "TC"; Value = "±100ppm/°C"; VariantName = "[No Variations]"
Add component (AddParameter): Name = "Tolerance"; Value = "±1%"; VariantName = "[No Variations]"
Add component (AddParameter): Name = "Value"; Value = "1k"; VariantName = "[No Variations]"
Added Pin To Net: NetName=NetC4_1 Pin=C4-1
Added Pin To Net: NetName=NetC4_2 Pin=C4-2
Added Pin To Net: NetName=NetC5_1 Pin=C5-1
Added Pin To Net: NetName=NetC5_2 Pin=C5-2
Added Pin To Net: NetName=NetD4_1 Pin=D4-1
Added Pin To Net: NetName=NetD4_2 Pin=D4-2
Added Pin To Net: NetName=NetP4_2 Pin=R14-1
Added Pin To Net: NetName=NetIC1_12 Pin=R14-2
Added Pin To Net: NetName=NetC4_2 Pin=R15-1
Added Pin To Net: NetName=NetD4_1 Pin=R15-2
Added Pin To Net: NetName=NetIC1_3 Pin=R16-1
Added Pin To Net: NetName=GND Pin=R16-2
Added Pin To Net: NetName=NetC5_2 Pin=R17-E1
Added Pin To Net: NetName=NetC5_1 Pin=R17-E2
Added Pin To Net: NetName=NetD4_2 Pin=R17-I1
Added Pin To Net: NetName=GND Pin=R17-I2
Added Pin To Net: NetName=NetIC1_3 Pin=R18-1
Added Pin To Net: NetName=NetC5_2 Pin=R18-2
Added Pin To Net: NetName=cur2 Pin=R19-1
Added Pin To Net: NetName=NetC4_1 Pin=R19-2
Added Pin To Net: NetName=NetC4_1 Pin=R20-1
Added Pin To Net: NetName=NetIC1_1 Pin=R20-2
Added Pin To Net: NetName=NetIC1_2 Pin=R21-1
Added Pin To Net: NetName=NetC5_1 Pin=R21-2
Added Pin To Net: NetName=NetIC1_1 Pin=R22-1
Added Pin To Net: NetName=NetIC1_2 Pin=R22-2
Added Member To Class: ClassName=ELoad_rev0.1 Member=Component C4 100nF
Added Member To Class: ClassName=ELoad_rev0.1 Member=Component C5 100nF
Added Member To Class: ClassName=ELoad_rev0.1 Member=Component D4 SS16
Added Member To Class: ClassName=ELoad_rev0.1 Member=Component R14 2k
Added Member To Class: ClassName=ELoad_rev0.1 Member=Component R15 100
Added Member To Class: ClassName=ELoad_rev0.1 Member=Component R16 25k5
Added Member To Class: ClassName=ELoad_rev0.1 Member=Component R17 0R002
Added Member To Class: ClassName=ELoad_rev0.1 Member=Component R18 1k
Added Member To Class: ClassName=ELoad_rev0.1 Member=Component R19 1k
Added Member To Class: ClassName=ELoad_rev0.1 Member=Component R20 2k
Added Member To Class: ClassName=ELoad_rev0.1 Member=Component R21 1k
Added Member To Class: ClassName=ELoad_rev0.1 Member=Component R22 25k5
